<?xml version="1.0" encoding="UTF-8"?>
<!-- Generated by org.testng.reporters.JUnitReportReporter -->
<testsuite skipped="0" hostname="f45c899d4237" name="seleniumCodingDay3.seleniumTestScript1" tests="1" failures="0" timestamp="07 Nov 2017 15:50:00 GMT" time="16.449" errors="0">
  <testcase name="webdriverCommands3" time="16.449" classname="seleniumCodingDay3.seleniumTestScript1"/>
</testsuite> <!-- seleniumCodingDay3.seleniumTestScript1 -->
